Release 14.7 - xst P.20131013 (lin64)
Copyright (c) 1995-2013 Xilinx, Inc.  All rights reserved.
--> 
Parameter TMPDIR set to xst/projnav.tmp


Total REAL time to Xst completion: 0.00 secs
Total CPU time to Xst completion: 0.05 secs
 
--> 
Parameter xsthdpdir set to xst


Total REAL time to Xst completion: 0.00 secs
Total CPU time to Xst completion: 0.05 secs
 
--> 
Reading design: ULA.prj

TABLE OF CONTENTS
  1) Synthesis Options Summary
  2) HDL Compilation
  3) Design Hierarchy Analysis
  4) HDL Analysis
  5) HDL Synthesis
     5.1) HDL Synthesis Report
  6) Advanced HDL Synthesis
     6.1) Advanced HDL Synthesis Report
  7) Low Level Synthesis
  8) Partition Report
  9) Final Report
	9.1) Device utilization summary
	9.2) Partition Resource Summary
	9.3) TIMING REPORT


=========================================================================
*                      Synthesis Options Summary                        *
=========================================================================
---- Source Parameters
Input File Name                    : "ULA.prj"
Input Format                       : mixed
Ignore Synthesis Constraint File   : NO

---- Target Parameters
Output File Name                   : "ULA"
Output Format                      : NGC
Target Device                      : xc3s700an-5-fgg484

---- Source Options
Top Module Name                    : ULA
Automatic FSM Extraction           : YES
FSM Encoding Algorithm             : Auto
Safe Implementation                : No
FSM Style                          : LUT
RAM Extraction                     : Yes
RAM Style                          : Auto
ROM Extraction                     : Yes
Mux Style                          : Auto
Decoder Extraction                 : YES
Priority Encoder Extraction        : Yes
Shift Register Extraction          : YES
Logical Shifter Extraction         : YES
XOR Collapsing                     : YES
ROM Style                          : Auto
Mux Extraction                     : Yes
Resource Sharing                   : YES
Asynchronous To Synchronous        : NO
Multiplier Style                   : Auto
Automatic Register Balancing       : No

---- Target Options
Add IO Buffers                     : YES
Global Maximum Fanout              : 100000
Add Generic Clock Buffer(BUFG)     : 24
Register Duplication               : YES
Slice Packing                      : YES
Optimize Instantiated Primitives   : NO
Use Clock Enable                   : Yes
Use Synchronous Set                : Yes
Use Synchronous Reset              : Yes
Pack IO Registers into IOBs        : Auto
Equivalent register Removal        : YES

---- General Options
Optimization Goal                  : Speed
Optimization Effort                : 1
Keep Hierarchy                     : No
Netlist Hierarchy                  : As_Optimized
RTL Output                         : Yes
Global Optimization                : AllClockNets
Read Cores                         : YES
Write Timing Constraints           : NO
Cross Clock Analysis               : NO
Hierarchy Separator                : /
Bus Delimiter                      : <>
Case Specifier                     : Maintain
Slice Utilization Ratio            : 100
BRAM Utilization Ratio             : 100
Verilog 2001                       : YES
Auto BRAM Packing                  : NO
Slice Utilization Ratio Delta      : 5

=========================================================================


=========================================================================
*                          HDL Compilation                              *
=========================================================================
Compiling vhdl file "/home/sd/pipocula/adder.vhd" in Library work.
Architecture behavioral of Entity adder is up to date.
Compiling vhdl file "/home/sd/pipocula/contador.vhd" in Library work.
Architecture behavioral of Entity contador is up to date.
Compiling vhdl file "/home/sd/pipocula/complementador.vhd" in Library work.
Architecture behavioral of Entity complementador is up to date.
Compiling vhdl file "/home/sd/pipocula/fulladder.vhd" in Library work.
Architecture behavioral of Entity fulladder is up to date.
Compiling vhdl file "/home/sd/pipocula/ula.vhd" in Library work.
Entity <ula> compiled.
Entity <ula> (Architecture <behavioral>) compiled.

=========================================================================
*                     Design Hierarchy Analysis                         *
=========================================================================
Analyzing hierarchy for entity <ULA> in library <work> (architecture <behavioral>).

Analyzing hierarchy for entity <CONTADOR> in library <work> (architecture <behavioral>) with generics.
	t_max = 100000000

Analyzing hierarchy for entity <COMPLEMENTADOR> in library <work> (architecture <behavioral>).

Analyzing hierarchy for entity <FULLADDER> in library <work> (architecture <behavioral>).

Analyzing hierarchy for entity <ADDER> in library <work> (architecture <behavioral>).


=========================================================================
*                            HDL Analysis                               *
=========================================================================
Analyzing Entity <ULA> in library <work> (Architecture <behavioral>).
Entity <ULA> analyzed. Unit <ULA> generated.

Analyzing generic Entity <CONTADOR> in library <work> (Architecture <behavioral>).
	t_max = 100000000
Entity <CONTADOR> analyzed. Unit <CONTADOR> generated.

Analyzing Entity <COMPLEMENTADOR> in library <work> (Architecture <behavioral>).
Entity <COMPLEMENTADOR> analyzed. Unit <COMPLEMENTADOR> generated.

Analyzing Entity <FULLADDER> in library <work> (Architecture <behavioral>).
Entity <FULLADDER> analyzed. Unit <FULLADDER> generated.

Analyzing Entity <ADDER> in library <work> (Architecture <behavioral>).
Entity <ADDER> analyzed. Unit <ADDER> generated.


=========================================================================
*                           HDL Synthesis                               *
=========================================================================

Performing bidirectional port resolution...

Synthesizing Unit <CONTADOR>.
    Related source file is "/home/sd/pipocula/contador.vhd".
    Found 8-bit up counter for signal <CONTADOR_temp>.
    Found 27-bit comparator lessequal for signal <CONTADOR_temp$cmp_le0000> created at line 40.
    Found 27-bit up counter for signal <slow_clock>.
    Summary:
	inferred   2 Counter(s).
	inferred   1 Comparator(s).
Unit <CONTADOR> synthesized.


Synthesizing Unit <COMPLEMENTADOR>.
    Related source file is "/home/sd/pipocula/complementador.vhd".
    Found 4-bit xor2 for signal <z>.
Unit <COMPLEMENTADOR> synthesized.


Synthesizing Unit <ADDER>.
    Related source file is "/home/sd/pipocula/adder.vhd".
    Found 1-bit xor2 for signal <z>.
    Found 1-bit xor2 for signal <cout$xor0000> created at line 44.
Unit <ADDER> synthesized.


Synthesizing Unit <FULLADDER>.
    Related source file is "/home/sd/pipocula/fulladder.vhd".
Unit <FULLADDER> synthesized.


Synthesizing Unit <ULA>.
    Related source file is "/home/sd/pipocula/ula.vhd".
WARNING:Xst:647 - Input <s<2>> is never used. This port will be preserved and left unconnected if it belongs to a top-level block or it belongs to a sub-block and the hierarchy of this sub-block is preserved.
WARNING:Xst:1780 - Signal <c3> is never used or assigned. This unconnected signal will be trimmed during the optimization process.
WARNING:Xst:1780 - Signal <c2> is never used or assigned. This unconnected signal will be trimmed during the optimization process.
WARNING:Xst:1780 - Signal <c1> is never used or assigned. This unconnected signal will be trimmed during the optimization process.
Unit <ULA> synthesized.


=========================================================================
HDL Synthesis Report

Macro Statistics
# Counters                                             : 2
 27-bit up counter                                     : 1
 8-bit up counter                                      : 1
# Comparators                                          : 1
 27-bit comparator lessequal                           : 1
# Xors                                                 : 16
 1-bit xor2                                            : 16

=========================================================================

=========================================================================
*                       Advanced HDL Synthesis                          *
=========================================================================


=========================================================================
Advanced HDL Synthesis Report

Macro Statistics
# Counters                                             : 2
 27-bit up counter                                     : 1
 8-bit up counter                                      : 1
# Comparators                                          : 1
 27-bit comparator lessequal                           : 1
# Xors                                                 : 16
 1-bit xor2                                            : 16

=========================================================================

=========================================================================
*                         Low Level Synthesis                           *
=========================================================================

Optimizing unit <ULA> ...

Mapping all equations...
Building and optimizing final netlist ...
Found area constraint ratio of 100 (+ 5) on block ULA, actual ratio is 0.

Final Macro Processing ...

=========================================================================
Final Register Report

Macro Statistics
# Registers                                            : 35
 Flip-Flops                                            : 35

=========================================================================

=========================================================================
*                           Partition Report                            *
=========================================================================

Partition Implementation Status
-------------------------------

  No Partitions were found in this design.

-------------------------------

=========================================================================
*                            Final Report                               *
=========================================================================
Final Results
RTL Top Level Output File Name     : ULA.ngr
Top Level Output File Name         : ULA
Output Format                      : NGC
Optimization Goal                  : Speed
Keep Hierarchy                     : No

Design Statistics
# IOs                              : 9

Cell Usage :
# BELS                             : 143
#      GND                         : 1
#      INV                         : 7
#      LUT1                        : 37
#      LUT2                        : 1
#      LUT3                        : 3
#      LUT4                        : 13
#      MUXCY                       : 45
#      VCC                         : 1
#      XORCY                       : 35
# FlipFlops/Latches                : 35
#      FDE                         : 8
#      FDR                         : 27
# Clock Buffers                    : 1
#      BUFGP                       : 1
# IO Buffers                       : 7
#      IBUF                        : 2
#      OBUF                        : 5
=========================================================================

Device utilization summary:
---------------------------

Selected Device : 3s700anfgg484-5 

 Number of Slices:                       31  out of   5888     0%  
 Number of Slice Flip Flops:             35  out of  11776     0%  
 Number of 4 input LUTs:                 61  out of  11776     0%  
 Number of IOs:                           9
 Number of bonded IOBs:                   8  out of    372     2%  
 Number of GCLKs:                         1  out of     24     4%  

---------------------------
Partition Resource Summary:
---------------------------

  No Partitions were found in this design.

---------------------------


=========================================================================
TIMING REPORT

NOTE: THESE TIMING NUMBERS ARE ONLY A SYNTHESIS ESTIMATE.
      FOR ACCURATE TIMING INFORMATION PLEASE REFER TO THE TRACE REPORT
      GENERATED AFTER PLACE-and-ROUTE.

Clock Information:
------------------
-----------------------------------+------------------------+-------+
Clock Signal                       | Clock buffer(FF name)  | Load  |
-----------------------------------+------------------------+-------+
clock_50                           | BUFGP                  | 35    |
-----------------------------------+------------------------+-------+

Asynchronous Control Signals Information:
----------------------------------------
No asynchronous control signals found in this design

Timing Summary:
---------------
Speed Grade: -5

   Minimum period: 5.344ns (Maximum Frequency: 187.110MHz)
   Minimum input arrival time before clock: No path found
   Maximum output required time after clock: 9.430ns
   Maximum combinational path delay: 10.065ns

Timing Detail:
--------------
All values displayed in nanoseconds (ns)

=========================================================================
Timing constraint: Default period analysis for Clock 'clock_50'
  Clock period: 5.344ns (frequency: 187.110MHz)
  Total number of paths / destination ports: 1359 / 70
-------------------------------------------------------------------------
Delay:               5.344ns (Levels of Logic = 14)
  Source:            Cont/slow_clock_0 (FF)
  Destination:       Cont/slow_clock_0 (FF)
  Source Clock:      clock_50 rising
  Destination Clock: clock_50 rising

  Data Path: Cont/slow_clock_0 to Cont/slow_clock_0
                                Gate     Net
    Cell:in->out      fanout   Delay   Delay  Logical Name (Net Name)
    ----------------------------------------  ------------
     FDR:C->Q              2   0.495   0.488  Cont/slow_clock_0 (Cont/slow_clock_0)
     LUT4:I0->O            1   0.561   0.000  Cont/Mcompar_CONTADOR_temp_cmp_le0000_lut<0> (Cont/Mcompar_CONTADOR_temp_cmp_le0000_lut<0>)
     MUXCY:S->O            1   0.523   0.000  Cont/Mcompar_CONTADOR_temp_cmp_le0000_cy<0> (Cont/Mcompar_CONTADOR_temp_cmp_le0000_cy<0>)
     MUXCY:CI->O           1   0.065   0.000  Cont/Mcompar_CONTADOR_temp_cmp_le0000_cy<1> (Cont/Mcompar_CONTADOR_temp_cmp_le0000_cy<1>)
     MUXCY:CI->O           1   0.065   0.000  Cont/Mcompar_CONTADOR_temp_cmp_le0000_cy<2> (Cont/Mcompar_CONTADOR_temp_cmp_le0000_cy<2>)
     MUXCY:CI->O           1   0.065   0.000  Cont/Mcompar_CONTADOR_temp_cmp_le0000_cy<3> (Cont/Mcompar_CONTADOR_temp_cmp_le0000_cy<3>)
     MUXCY:CI->O           1   0.065   0.000  Cont/Mcompar_CONTADOR_temp_cmp_le0000_cy<4> (Cont/Mcompar_CONTADOR_temp_cmp_le0000_cy<4>)
     MUXCY:CI->O           1   0.065   0.000  Cont/Mcompar_CONTADOR_temp_cmp_le0000_cy<5> (Cont/Mcompar_CONTADOR_temp_cmp_le0000_cy<5>)
     MUXCY:CI->O           1   0.065   0.000  Cont/Mcompar_CONTADOR_temp_cmp_le0000_cy<6> (Cont/Mcompar_CONTADOR_temp_cmp_le0000_cy<6>)
     MUXCY:CI->O           1   0.065   0.000  Cont/Mcompar_CONTADOR_temp_cmp_le0000_cy<7> (Cont/Mcompar_CONTADOR_temp_cmp_le0000_cy<7>)
     MUXCY:CI->O           1   0.065   0.000  Cont/Mcompar_CONTADOR_temp_cmp_le0000_cy<8> (Cont/Mcompar_CONTADOR_temp_cmp_le0000_cy<8>)
     MUXCY:CI->O           1   0.065   0.000  Cont/Mcompar_CONTADOR_temp_cmp_le0000_cy<9> (Cont/Mcompar_CONTADOR_temp_cmp_le0000_cy<9>)
     MUXCY:CI->O           1   0.065   0.000  Cont/Mcompar_CONTADOR_temp_cmp_le0000_cy<10> (Cont/Mcompar_CONTADOR_temp_cmp_le0000_cy<10>)
     MUXCY:CI->O           2   0.179   0.380  Cont/Mcompar_CONTADOR_temp_cmp_le0000_cy<11> (Cont/CONTADOR_temp_cmp_le0000)
     INV:I->O             27   0.562   1.072  Cont/CONTADOR_temp_not00011_INV_0 (Cont/CONTADOR_temp_not0001)
     FDR:R                     0.435          Cont/slow_clock_0
    ----------------------------------------
    Total                      5.344ns (3.405ns logic, 1.939ns route)
                                       (63.7% logic, 36.3% route)

=========================================================================
Timing constraint: Default OFFSET OUT AFTER for Clock 'clock_50'
  Total number of paths / destination ports: 28 / 5
-------------------------------------------------------------------------
Offset:              9.430ns (Levels of Logic = 5)
  Source:            Cont/CONTADOR_temp_0 (FF)
  Destination:       cout (PAD)
  Source Clock:      clock_50 rising

  Data Path: Cont/CONTADOR_temp_0 to cout
                                Gate     Net
    Cell:in->out      fanout   Delay   Delay  Logical Name (Net Name)
    ----------------------------------------  ------------
     FDE:C->Q              3   0.495   0.474  Cont/CONTADOR_temp_0 (Cont/CONTADOR_temp_0)
     LUT4:I2->O            2   0.561   0.488  Fa/Fa0/cout1 (Fa/c1)
     LUT4:I0->O            2   0.561   0.488  Fa/Fa1/cout1 (Fa/c2)
     LUT4:I0->O            2   0.561   0.488  Fa/Fa2/cout1 (Fa/c3)
     LUT4:I0->O            1   0.561   0.357  Fa/Fa3/cout1 (cout_OBUF)
     OBUF:I->O                 4.396          cout_OBUF (cout)
    ----------------------------------------
    Total                      9.430ns (7.135ns logic, 2.295ns route)
                                       (75.7% logic, 24.3% route)

=========================================================================
Timing constraint: Default path analysis
  Total number of paths / destination ports: 46 / 5
-------------------------------------------------------------------------
Delay:               10.065ns (Levels of Logic = 6)
  Source:            s<1> (PAD)
  Destination:       cout (PAD)

  Data Path: s<1> to cout
                                Gate     Net
    Cell:in->out      fanout   Delay   Delay  Logical Name (Net Name)
    ----------------------------------------  ------------
     IBUF:I->O             6   0.824   0.677  s_1_IBUF (s_1_IBUF)
     LUT2:I0->O            6   0.561   0.592  s01 (s0)
     LUT4:I2->O            2   0.561   0.488  Fa/Fa1/cout1 (Fa/c2)
     LUT4:I0->O            2   0.561   0.488  Fa/Fa2/cout1 (Fa/c3)
     LUT4:I0->O            1   0.561   0.357  Fa/Fa3/cout1 (cout_OBUF)
     OBUF:I->O                 4.396          cout_OBUF (cout)
    ----------------------------------------
    Total                     10.065ns (7.464ns logic, 2.601ns route)
                                       (74.2% logic, 25.8% route)

=========================================================================


Total REAL time to Xst completion: 4.00 secs
Total CPU time to Xst completion: 4.28 secs
 
--> 


Total memory usage is 609316 kilobytes

Number of errors   :    0 (   0 filtered)
Number of warnings :    4 (   0 filtered)
Number of infos    :    0 (   0 filtered)

